0 info it worked if it ends with ok
1 verbose cli [ 'node', '/usr/local/bin/npm', 'install', 'grunt', '-g' ]
2 info using npm@1.4.28
3 info using node@v0.10.35
4 verbose cache add [ 'grunt', null ]
5 verbose cache add name=undefined spec="grunt" args=["grunt",null]
6 verbose parsed url { protocol: null,
6 verbose parsed url   slashes: null,
6 verbose parsed url   auth: null,
6 verbose parsed url   host: null,
6 verbose parsed url   port: null,
6 verbose parsed url   hostname: null,
6 verbose parsed url   hash: null,
6 verbose parsed url   search: null,
6 verbose parsed url   query: null,
6 verbose parsed url   pathname: 'grunt',
6 verbose parsed url   path: 'grunt',
6 verbose parsed url   href: 'grunt' }
7 silly lockFile 20ff3fd8-grunt grunt
8 verbose lock grunt /Users/ephasme/.npm/20ff3fd8-grunt.lock
9 silly lockFile 20ff3fd8-grunt grunt
10 silly lockFile 20ff3fd8-grunt grunt
11 verbose addNamed [ 'grunt', '' ]
12 verbose addNamed [ null, '*' ]
13 silly lockFile 55f1ff24-grunt grunt@
14 verbose lock grunt@ /Users/ephasme/.npm/55f1ff24-grunt.lock
15 silly addNameRange { name: 'grunt', range: '*', hasData: false }
16 verbose request where is /grunt
17 verbose request registry https://registry.npmjs.org/
18 verbose request id c0da18e46e80a604
19 verbose url raw /grunt
20 verbose url resolving [ 'https://registry.npmjs.org/', './grunt' ]
21 verbose url resolved https://registry.npmjs.org/grunt
22 verbose request where is https://registry.npmjs.org/grunt
23 info trying registry request attempt 1 at 23:50:17
24 verbose etag "EFAEQXZPRHWIN2IVVPKKXP7AC"
25 http GET https://registry.npmjs.org/grunt
26 http 304 https://registry.npmjs.org/grunt
27 silly registry.get cb [ 304,
27 silly registry.get   { date: 'Sun, 25 Jan 2015 22:50:17 GMT',
27 silly registry.get     server: 'Apache',
27 silly registry.get     via: '1.1 varnish',
27 silly registry.get     'last-modified': 'Sun, 25 Jan 2015 22:50:17 GMT',
27 silly registry.get     'cache-control': 'max-age=60',
27 silly registry.get     etag: '"EFAEQXZPRHWIN2IVVPKKXP7AC"',
27 silly registry.get     age: '0',
27 silly registry.get     'x-served-by': 'cache-lhr6321-LHR',
27 silly registry.get     'x-cache': 'HIT',
27 silly registry.get     'x-cache-hits': '1',
27 silly registry.get     'x-timer': 'S1422226217.638089,VS0,VE85',
27 silly registry.get     vary: 'Accept',
27 silly registry.get     'content-length': '0',
27 silly registry.get     'keep-alive': 'timeout=10, max=50',
27 silly registry.get     connection: 'Keep-Alive' } ]
28 verbose etag https://registry.npmjs.org/grunt from cache
29 silly addNameRange number 2 { name: 'grunt', range: '*', hasData: true }
30 silly addNameRange versions [ 'grunt',
30 silly addNameRange   [ '0.1.0',
30 silly addNameRange     '0.1.1',
30 silly addNameRange     '0.1.2',
30 silly addNameRange     '0.2.0',
30 silly addNameRange     '0.2.1',
30 silly addNameRange     '0.2.2',
30 silly addNameRange     '0.2.3',
30 silly addNameRange     '0.2.4',
30 silly addNameRange     '0.2.5',
30 silly addNameRange     '0.2.6',
30 silly addNameRange     '0.2.7',
30 silly addNameRange     '0.2.8',
30 silly addNameRange     '0.2.9',
30 silly addNameRange     '0.2.10',
30 silly addNameRange     '0.2.11',
30 silly addNameRange     '0.2.12',
30 silly addNameRange     '0.2.13',
30 silly addNameRange     '0.2.14',
30 silly addNameRange     '0.2.15',
30 silly addNameRange     '0.3.0',
30 silly addNameRange     '0.3.1',
30 silly addNameRange     '0.3.2',
30 silly addNameRange     '0.3.3',
30 silly addNameRange     '0.3.4',
30 silly addNameRange     '0.3.5',
30 silly addNameRange     '0.3.6',
30 silly addNameRange     '0.3.7',
30 silly addNameRange     '0.3.8',
30 silly addNameRange     '0.3.9',
30 silly addNameRange     '0.3.10',
30 silly addNameRange     '0.3.11',
30 silly addNameRange     '0.3.12',
30 silly addNameRange     '0.3.13',
30 silly addNameRange     '0.3.14',
30 silly addNameRange     '0.3.15',
30 silly addNameRange     '0.3.16',
30 silly addNameRange     '0.3.17',
30 silly addNameRange     '0.4.0',
30 silly addNameRange     '0.4.1',
30 silly addNameRange     '0.4.2',
30 silly addNameRange     '0.4.3',
30 silly addNameRange     '0.4.4',
30 silly addNameRange     '0.4.5',
30 silly addNameRange     '0.3.13-a',
30 silly addNameRange     '0.4.0-a',
30 silly addNameRange     '0.4.0-rc1',
30 silly addNameRange     '0.4.0-rc2',
30 silly addNameRange     '0.4.0-rc3',
30 silly addNameRange     '0.4.0-rc4',
30 silly addNameRange     '0.4.0-rc5',
30 silly addNameRange     '0.4.0-rc6',
30 silly addNameRange     '0.4.0-rc7',
30 silly addNameRange     '0.4.0-rc8' ] ]
31 verbose addNamed [ 'grunt', '0.4.5' ]
32 verbose addNamed [ '0.4.5', '0.4.5' ]
33 silly lockFile 81abf7ad-grunt-0-4-5 grunt@0.4.5
34 verbose lock grunt@0.4.5 /Users/ephasme/.npm/81abf7ad-grunt-0-4-5.lock
35 silly lockFile 81abf7ad-grunt-0-4-5 grunt@0.4.5
36 silly lockFile 81abf7ad-grunt-0-4-5 grunt@0.4.5
37 silly lockFile 55f1ff24-grunt grunt@
38 silly lockFile 55f1ff24-grunt grunt@
39 silly resolved [ { name: 'grunt',
39 silly resolved     description: 'The JavaScript Task Runner',
39 silly resolved     version: '0.4.5',
39 silly resolved     author: { name: '"Cowboy" Ben Alman', url: 'http://benalman.com/' },
39 silly resolved     homepage: 'http://gruntjs.com/',
39 silly resolved     repository: { type: 'git', url: 'git://github.com/gruntjs/grunt.git' },
39 silly resolved     bugs: { url: 'http://github.com/gruntjs/grunt/issues' },
39 silly resolved     licenses: [ [Object] ],
39 silly resolved     main: 'lib/grunt',
39 silly resolved     scripts: { test: 'grunt test' },
39 silly resolved     engines: { node: '>= 0.8.0' },
39 silly resolved     keywords:
39 silly resolved      [ 'task',
39 silly resolved        'async',
39 silly resolved        'cli',
39 silly resolved        'minify',
39 silly resolved        'uglify',
39 silly resolved        'build',
39 silly resolved        'lodash',
39 silly resolved        'unit',
39 silly resolved        'test',
39 silly resolved        'qunit',
39 silly resolved        'nodeunit',
39 silly resolved        'server',
39 silly resolved        'init',
39 silly resolved        'scaffold',
39 silly resolved        'make',
39 silly resolved        'jake',
39 silly resolved        'tool' ],
39 silly resolved     dependencies:
39 silly resolved      { async: '~0.1.22',
39 silly resolved        'coffee-script': '~1.3.3',
39 silly resolved        colors: '~0.6.2',
39 silly resolved        dateformat: '1.0.2-1.2.3',
39 silly resolved        eventemitter2: '~0.4.13',
39 silly resolved        'findup-sync': '~0.1.2',
39 silly resolved        glob: '~3.1.21',
39 silly resolved        hooker: '~0.2.3',
39 silly resolved        'iconv-lite': '~0.2.11',
39 silly resolved        minimatch: '~0.2.12',
39 silly resolved        nopt: '~1.0.10',
39 silly resolved        rimraf: '~2.2.8',
39 silly resolved        lodash: '~0.9.2',
39 silly resolved        'underscore.string': '~2.2.1',
39 silly resolved        which: '~1.0.5',
39 silly resolved        'js-yaml': '~2.0.5',
39 silly resolved        exit: '~0.1.1',
39 silly resolved        getobject: '~0.1.0',
39 silly resolved        'grunt-legacy-util': '~0.2.0',
39 silly resolved        'grunt-legacy-log': '~0.1.0' },
39 silly resolved     devDependencies:
39 silly resolved      { temporary: '~0.0.4',
39 silly resolved        'grunt-contrib-jshint': '~0.6.4',
39 silly resolved        'grunt-contrib-nodeunit': '~0.2.0',
39 silly resolved        'grunt-contrib-watch': '~0.5.3',
39 silly resolved        difflet: '~0.2.3',
39 silly resolved        semver: '2.1.0',
39 silly resolved        shelljs: '~0.2.5' },
39 silly resolved     _id: 'grunt@0.4.5',
39 silly resolved     dist:
39 silly resolved      { shasum: '56937cd5194324adff6d207631832a9d6ba4e7f0',
39 silly resolved        tarball: 'http://registry.npmjs.org/grunt/-/grunt-0.4.5.tgz' },
39 silly resolved     _from: 'grunt@',
39 silly resolved     _npmVersion: '1.4.4',
39 silly resolved     _npmUser: { name: 'cowboy', email: 'cowboy@rj3.net' },
39 silly resolved     maintainers: [ [Object], [Object] ],
39 silly resolved     directories: {},
39 silly resolved     _shasum: '56937cd5194324adff6d207631832a9d6ba4e7f0',
39 silly resolved     _resolved: 'https://registry.npmjs.org/grunt/-/grunt-0.4.5.tgz',
39 silly resolved     readme: 'ERROR: No README data found!' } ]
40 info install grunt@0.4.5 into /usr/local/lib
41 info installOne grunt@0.4.5
42 verbose lib/node_modules/grunt unbuild
43 verbose tar unpack /Users/ephasme/.npm/grunt/0.4.5/package.tgz
44 silly lockFile d04b7634-usr-local-lib-node-modules-grunt tar:///usr/local/lib/node_modules/grunt
45 verbose lock tar:///usr/local/lib/node_modules/grunt /Users/ephasme/.npm/d04b7634-usr-local-lib-node-modules-grunt.lock
46 silly lockFile 57e9cda9-asme-npm-grunt-0-4-5-package-tgz tar:///Users/ephasme/.npm/grunt/0.4.5/package.tgz
47 verbose lock tar:///Users/ephasme/.npm/grunt/0.4.5/package.tgz /Users/ephasme/.npm/57e9cda9-asme-npm-grunt-0-4-5-package-tgz.lock
48 silly gunzTarPerm modes [ '755', '644' ]
49 error Error: EACCES, mkdir '/usr/local/lib/node_modules/grunt'
49 error  { [Error: EACCES, mkdir '/usr/local/lib/node_modules/grunt']
49 error   errno: 3,
49 error   code: 'EACCES',
49 error   path: '/usr/local/lib/node_modules/grunt',
49 error   fstream_type: 'Directory',
49 error   fstream_path: '/usr/local/lib/node_modules/grunt',
49 error   fstream_class: 'DirWriter',
49 error   fstream_stack:
49 error    [ '/usr/local/lib/node_modules/npm/node_modules/fstream/lib/dir-writer.js:36:23',
49 error      '/usr/local/lib/node_modules/npm/node_modules/mkdirp/index.js:46:53',
49 error      'Object.oncomplete (fs.js:108:15)' ] }
50 error Please try running this command again as root/Administrator.
51 error System Darwin 14.0.0
52 error command "node" "/usr/local/bin/npm" "install" "grunt" "-g"
53 error cwd /Applications/ghost-0.5.8-0/apps/ghost/htdocs/content/themes/Vapor
54 error node -v v0.10.35
55 error npm -v 1.4.28
56 error path /usr/local/lib/node_modules/grunt
57 error fstream_path /usr/local/lib/node_modules/grunt
58 error fstream_type Directory
59 error fstream_class DirWriter
60 error code EACCES
61 error errno 3
62 error stack Error: EACCES, mkdir '/usr/local/lib/node_modules/grunt'
63 error fstream_stack /usr/local/lib/node_modules/npm/node_modules/fstream/lib/dir-writer.js:36:23
63 error fstream_stack /usr/local/lib/node_modules/npm/node_modules/mkdirp/index.js:46:53
63 error fstream_stack Object.oncomplete (fs.js:108:15)
64 verbose exit [ 3, true ]
